2024-11-29T07:18:51.580-05:00  INFO 13116 --- [beyserin-prueba] [RMI TCP Connection(230)-127.0.0.1] inMXBeanRegistrar$SpringApplicationAdmin : Application shutdown requested.
2024-11-29T07:18:51.681-05:00  INFO 13116 --- [beyserin-prueba] [RMI TCP Connection(230)-127.0.0.1] o.s.b.w.e.tomcat.GracefulShutdown        : Commencing graceful shutdown. Waiting for active requests to complete
2024-11-29T07:18:51.726-05:00  INFO 13116 --- [beyserin-prueba] [tomcat-shutdown] o.s.b.w.e.tomcat.GracefulShutdown        : Graceful shutdown complete
2024-11-29T07:22:06.200-05:00  INFO 20424 --- [beyserin-prueba] [restartedMain] c.b.prueba.BeyserinPruebaApplication     : Starting BeyserinPruebaApplication using Java 17.0.11 with PID 20424 (C:\Users\oscar\OneDrive\Documentos\proyectos spring boot\beyserin-prueba\target\classes started by oscar in C:\Users\oscar\OneDrive\Documentos\proyectos spring boot\beyserin-prueba)
2024-11-29T07:22:06.203-05:00  INFO 20424 --- [beyserin-prueba] [restartedMain] c.b.prueba.BeyserinPruebaApplication     : No active profile set, falling back to 1 default profile: "default"
2024-11-29T07:22:06.250-05:00  INFO 20424 --- [beyserin-prueba] [restartedMain] .e.DevToolsPropertyDefaultsPostProcessor : Devtools property defaults active! Set 'spring.devtools.add-properties' to 'false' to disable
2024-11-29T07:22:06.251-05:00  INFO 20424 --- [beyserin-prueba] [restartedMain] .e.DevToolsPropertyDefaultsPostProcessor : For additional web related logging consider setting the 'logging.level.web' property to 'DEBUG'
2024-11-29T07:22:06.960-05:00  INFO 20424 --- [beyserin-prueba] [restartedMain] o.s.b.w.embedded.tomcat.TomcatWebServer  : Tomcat initialized with port 8090 (http)
2024-11-29T07:22:06.969-05:00  INFO 20424 --- [beyserin-prueba] [restartedMain] o.apache.catalina.core.StandardService   : Starting service [Tomcat]
2024-11-29T07:22:06.970-05:00  INFO 20424 --- [beyserin-prueba] [restartedMain] o.apache.catalina.core.StandardEngine    : Starting Servlet engine: [Apache Tomcat/10.1.33]
2024-11-29T07:22:07.002-05:00  INFO 20424 --- [beyserin-prueba] [restartedMain] o.a.c.c.C.[Tomcat].[localhost].[/]       : Initializing Spring embedded WebApplicationContext
2024-11-29T07:22:07.002-05:00  INFO 20424 --- [beyserin-prueba] [restartedMain] w.s.c.ServletWebServerApplicationContext : Root WebApplicationContext: initialization completed in 751 ms
2024-11-29T07:22:07.260-05:00  INFO 20424 --- [beyserin-prueba] [restartedMain] o.s.b.d.a.OptionalLiveReloadServer       : LiveReload server is running on port 35729
2024-11-29T07:22:07.286-05:00  INFO 20424 --- [beyserin-prueba] [restartedMain] o.s.b.w.embedded.tomcat.TomcatWebServer  : Tomcat started on port 8090 (http) with context path '/'
2024-11-29T07:22:07.294-05:00  INFO 20424 --- [beyserin-prueba] [restartedMain] c.b.prueba.BeyserinPruebaApplication     : Started BeyserinPruebaApplication in 1.425 seconds (process running for 3.792)
2024-11-29T09:01:23.430-05:00  INFO 20424 --- [beyserin-prueba] [http-nio-8090-exec-1] o.a.c.c.C.[Tomcat].[localhost].[/]       : Initializing Spring DispatcherServlet 'dispatcherServlet'
2024-11-29T09:01:23.436-05:00  INFO 20424 --- [beyserin-prueba] [http-nio-8090-exec-1] o.s.web.servlet.DispatcherServlet        : Initializing Servlet 'dispatcherServlet'
2024-11-29T09:01:23.456-05:00  INFO 20424 --- [beyserin-prueba] [http-nio-8090-exec-1] o.s.web.servlet.DispatcherServlet        : Completed initialization in 19 ms
2024-11-29T09:01:31.006-05:00  WARN 20424 --- [beyserin-prueba] [http-nio-8090-exec-2] .m.m.a.ExceptionHandlerExceptionResolver : Resolved [com.beyserin.prueba.exceptions.ResourceNotFoundException: Verifica el tipo del documento]
2024-11-29T09:01:49.220-05:00  WARN 20424 --- [beyserin-prueba] [http-nio-8090-exec-5] .m.m.a.ExceptionHandlerExceptionResolver : Resolved [com.beyserin.prueba.exceptions.NoDataFoundException: Cliente no encontrado]
2024-11-29T09:08:30.919-05:00  WARN 20424 --- [beyserin-prueba] [http-nio-8090-exec-7] .m.m.a.ExceptionHandlerExceptionResolver : Resolved [com.beyserin.prueba.exceptions.NoDataFoundException: Cliente no encontrado]
2024-11-29T09:08:41.255-05:00  WARN 20424 --- [beyserin-prueba] [http-nio-8090-exec-8] .m.m.a.ExceptionHandlerExceptionResolver : Resolved [com.beyserin.prueba.exceptions.NoDataFoundException: Cliente no encontrado]
2024-11-29T10:14:04.728-05:00  WARN 20424 --- [beyserin-prueba] [http-nio-8090-exec-1] .m.m.a.ExceptionHandlerExceptionResolver : Resolved [com.beyserin.prueba.exceptions.NoDataFoundException: Cliente no encontrado]
2024-11-29T11:14:36.258-05:00  INFO 20424 --- [beyserin-prueba] [RMI TCP Connection(240)-127.0.0.1] inMXBeanRegistrar$SpringApplicationAdmin : Application shutdown requested.
2024-11-29T11:14:36.289-05:00  INFO 20424 --- [beyserin-prueba] [RMI TCP Connection(240)-127.0.0.1] o.s.b.w.e.tomcat.GracefulShutdown        : Commencing graceful shutdown. Waiting for active requests to complete
2024-11-29T11:14:36.403-05:00  INFO 20424 --- [beyserin-prueba] [tomcat-shutdown] o.s.b.w.e.tomcat.GracefulShutdown        : Graceful shutdown complete
